<?xml version="1.0" encoding="UTF-8"?>
<!-- Generated by org.testng.reporters.JUnitReportReporter -->
<testsuite hostname="Guru" name="com.flipkart.testscript.regression.search.RegFlipkartSearchTest" tests="1" failures="0" timestamp="31 Jan 2021 14:58:28 GMT" time="30.259" errors="0">
  <testcase name="searchItem" time="30.259" classname="com.flipkart.testscript.regression.search.RegFlipkartSearchTest"/>
</testsuite> <!-- com.flipkart.testscript.regression.search.RegFlipkartSearchTest -->
